 *******************************************************************************
 ** MOPAC (PUBLIC DOMAIN) FOR DEVELOPMENT USE ONLY.  NOT FOR PRODUCTION WORK  **
 *******************************************************************************

                                 AM1 CALCULATION RESULTS


 *******************************************************************************
 *          MOPAC:  VERSION  7.00               CALC'D. Fri Apr  2 08:47:31 1993
 *  DEBUG    - DEBUG OPTION TURNED ON
 *
 *
 *
 *                 CHARGE ON SYSTEM =  1
 *
 *
 *
 *  GRADIENTS- ALL GRADIENTS TO BE PRINTED
 *   T=      - A TIME OF  3600.0 SECONDS REQUESTED
 *  DUMP=N   - RESTART FILE WRITTEN EVERY  3600.0 SECONDS
 *  1SCF     - DO 1 SCF AND THEN STOP 
 *  AM1      - THE AM1 HAMILTONIAN TO BE USED
 *  DEBUG KEYWORDS USED:   NSPA=60 EPS=78.4
 ***********************************************************************030BY030
     DEBUG NSPA=60 GRADIENTS 1SCF  EPS=78.4 AM1 CHARGE=1
 Ammonia (solution phase geometry)
 Heat of Formation should be 59.766 kcal/mol and the gradient should be small.

    ATOM   CHEMICAL  BOND LENGTH    BOND ANGLE     TWIST ANGLE
   NUMBER  SYMBOL    (ANGSTROMS)     (DEGREES)      (DEGREES)
    (I)                  NA:I          NB:NA:I      NC:NB:NA:I     NA   NB   NC

      1      H       
      2      N         1.01578  *                                  1
      3      H         1.01578  *     109.47122  *                 2    1
      4      H         1.01578  *     109.47122  * -120.00000  *   2    1    3
      5      H         1.01578  *     109.47122  *  120.00000  *   2    1    3


          CARTESIAN COORDINATES 

    NO.       ATOM         X         Y         Z

     1         H        0.0000    0.0000    0.0000
     2         N        1.0158    0.0000    0.0000
     3         H        1.3544    0.9577    0.0000
     4         H        1.3544   -0.4788   -0.8294
     5         H        1.3544   -0.4788    0.8294


     MOLECULAR POINT GROUP   :   TD  
  H: (AM1): M.J.S. DEWAR ET AL, J. AM. CHEM. SOC. 107 3902-3909 (1985)          
  N: (AM1): M.J.S. DEWAR ET AL, J. AM. CHEM. SOC. 107 3902-3909 (1985)          


          RHF CALCULATION, NO. OF DOUBLY OCCUPIED LEVELS =  4


            INTERATOMIC DISTANCES
0
                  H  1       N  2       H  3       H  4       H  5
 ------------------------------------------------------------------
     H    1   0.000000
     N    2   1.015785   0.000000
     H    3   1.658769   1.015785   0.000000
     H    4   1.658769   1.015785   1.658769   0.000000
     H    5   1.658769   1.015785   1.658769   1.658769   0.000000

 -------------------------------------------------------------------------------
     DEBUG NSPA=60 GRADIENTS 1SCF  EPS=78.4 AM1 CHARGE=1
 Ammonia (solution phase geometry)
 Heat of Formation should be 59.766 kcal/mol and the gradient should be small.


     1SCF WAS SPECIFIED, SO BFGS WAS NOT USED                 
     SCF FIELD WAS ACHIEVED                                   


                                AM1    CALCULATION
                                                       VERSION  7.00
                                                       Fri Apr  2 08:47:39 1993




          FINAL HEAT OF FORMATION =         59.76636 KCAL


          TOTAL ENERGY            =       -259.34423 EV
          ELECTRONIC ENERGY       =       -193.12913 EV
          CORE-CORE REPULSION     =        -66.21510 EV

          GRADIENT NORM           =          0.34934
          IONIZATION POTENTIAL    =         16.97079
          NO. OF FILLED LEVELS    =          4
          MOLECULAR WEIGHT        =     18.038


          SCF CALCULATIONS  =                2
          COMPUTATION TIME =   7.040 SECONDS



       FINAL  POINT  AND  DERIVATIVES

   PARAMETER     ATOM    TYPE            VALUE       GRADIENT
      1          2  N    BOND            1.015785     0.180670  KCAL/ANGSTROM
      2          3  H    BOND            1.015785     0.095515  KCAL/ANGSTROM
      3          3  H    ANGLE         109.471221    -0.137652  KCAL/RADIAN  
      4          4  H    BOND            1.015785     0.050770  KCAL/ANGSTROM
      5          4  H    ANGLE         109.471221    -0.092758  KCAL/RADIAN  
      6          4  H    DIHEDRAL     -120.000000     0.079078  KCAL/RADIAN  
      7          5  H    BOND            1.015785     0.199945  KCAL/ANGSTROM
      8          5  H    ANGLE         109.471221    -0.057039  KCAL/RADIAN  
      9          5  H    DIHEDRAL      120.000000     0.025699  KCAL/RADIAN  





    ATOM   CHEMICAL  BOND LENGTH    BOND ANGLE     TWIST ANGLE
   NUMBER  SYMBOL    (ANGSTROMS)     (DEGREES)      (DEGREES)
    (I)                  NA:I          NB:NA:I      NC:NB:NA:I     NA   NB   NC

      1      H       
      2      N         1.01578  *                                  1
      3      H         1.01578  *     109.47122  *                 2    1
      4      H         1.01578  *     109.47122  * -120.00000  *   2    1    3
      5      H         1.01578  *     109.47122  *  120.00000  *   2    1    3


            INTERATOMIC DISTANCES
0
                  H  1       N  2       H  3       H  4       H  5
 ------------------------------------------------------------------
     H    1   0.000000
     N    2   1.015785   0.000000
     H    3   1.658769   1.015785   0.000000
     H    4   1.658769   1.015785   1.658769   0.000000
     H    5   1.658769   1.015785   1.658769   1.658769   0.000000


      MOLECULAR POINT GROUP   :   TD  


                  EIGENVALUES

 -35.52091 -16.97489 -16.97378 -16.97079   3.14110   5.20916   5.21101   5.21595


              NET ATOMIC CHARGES AND DIPOLE CONTRIBUTIONS

         ATOM NO.   TYPE          CHARGE        ATOM  ELECTRON DENSITY
           1          H           0.2668          0.7332
           2          N          -0.0683          5.0683
           3          H           0.2672          0.7328
           4          H           0.2676          0.7324
           5          H           0.2668          0.7332
 DIPOLE           X         Y         Z       TOTAL
 POINT-CHG.     0.002     0.000    -0.003     0.004
 HYBRID         0.000     0.000     0.001     0.001
 SUM            0.002     0.000    -0.003     0.003


          CARTESIAN COORDINATES 

    NO.       ATOM               X         Y         Z

     1         H                 -1.0158    0.0000    0.0000
     2         N                  0.0000    0.0000    0.0000
     3         H                  0.3386    0.9577    0.0000
     4         H                  0.3386   -0.4788   -0.8294
     5         H                  0.3386   -0.4788    0.8294


          ATOMIC ORBITAL ELECTRON POPULATIONS

   0.73320   1.40630   1.22037   1.22073   1.22090   0.73285   0.73244   0.73322



 TOTAL CPU TIME:             7.11 SECONDS

 == MOPAC DONE ==
