 *******************************************************************************
 ** MOPAC (PUBLIC DOMAIN) FOR DEVELOPMENT USE ONLY.  NOT FOR PRODUCTION WORK  **
 *******************************************************************************

                                MNDO CALCULATION RESULTS


 *******************************************************************************
 *          MOPAC:  VERSION  7.00               CALC'D. Fri Apr  2 08:53:45 1993
 *  GEO-OK   - OVERRIDE INTERATOMIC DISTANCE CHECK
 *   XYZ     - CARTESIAN COORDINATE SYSTEM TO BE USED
 *   T=      - A TIME OF  3600.0 SECONDS REQUESTED
 *  DUMP=N   - RESTART FILE WRITTEN EVERY  3600.0 SECONDS
 *  EF       - USE EF ROUTINE FOR MINIMUM SEARCH
 *  NOINTER  - INTERATOMIC DISTANCES NOT TO BE PRINTED
 ***********************************************************************030BY030
      GEO-OK XYZ NOINTER  EF
 Test of optimizing all cartesian coordinates
 Heat should be -56.993

    ATOM   CHEMICAL  BOND LENGTH    BOND ANGLE     TWIST ANGLE
   NUMBER  SYMBOL    (ANGSTROMS)     (DEGREES)      (DEGREES)
    (I)                  NA:I          NB:NA:I      NC:NB:NA:I     NA   NB   NC

      1      H       
      2      C         1.10000  *                                  1
      3      F         1.30000  *     112.61986  *                 2    1
      4     Cl         1.68819  *     107.22798  * -119.74488  *   2    1    3
      5     Br         1.87083  *     105.50136  *  123.69007  *   2    1    3


          CARTESIAN COORDINATES 

    NO.       ATOM         X         Y         Z

     1         H        0.0000    0.0000    0.0000
     2         C        1.1000    0.0000    0.0000
     3         F        1.6000    1.2000    0.0000
     4        Cl        1.6000   -0.8000   -1.4000
     5        Br        1.6000   -1.0000    1.5000


     MOLECULAR POINT GROUP   :   C1  
  H: (MNDO):  M.J.S. DEWAR, W. THIEL, J. AM. CHEM. SOC., 99, 4899, (1977)       
  C: (MNDO):  M.J.S. DEWAR, W. THIEL, J. AM. CHEM. SOC., 99, 4899, (1977)       
  F: (MNDO):  M.J.S. DEWAR, H.S. RZEPA, J. AM. CHEM. SOC., 100, 777, (1978)     
 Cl: (MNDO): M.J.S.DEWAR, H.S.RZEPA, J. COMP. CHEM., 4, 158, (1983)             
 Br: (MNDO): M.J.S.DEWAR, E.F. HEALY, J. COMP. CHEM., 4, 542, (1983)            


          RHF CALCULATION, NO. OF DOUBLY OCCUPIED LEVELS = 13

          DIAGONAL MATRIX USED AS START HESSIAN

 CYCLE:   1 TIME:   0.43 TIME LEFT:   3599.6 GRAD.:   153.116 HEAT:-48.24605    
 CYCLE:   2 TIME:   0.27 TIME LEFT:   3599.3 GRAD.:   128.932 HEAT:-51.79969    
 CYCLE:   3 TIME:   0.28 TIME LEFT:   3599.0 GRAD.:    68.324 HEAT:-54.74900    
 CYCLE:   4 TIME:   0.31 TIME LEFT:   3598.7 GRAD.:    19.852 HEAT:-56.64223    
 CYCLE:   5 TIME:   0.33 TIME LEFT:   3598.4 GRAD.:     5.923 HEAT:-56.85348    
 CYCLE:   6 TIME:   0.30 TIME LEFT:   3598.1 GRAD.:     5.057 HEAT:-56.88486    
 CYCLE:   7 TIME:   0.32 TIME LEFT:   3597.8 GRAD.:     4.593 HEAT:-56.92380    
 CYCLE:   8 TIME:   0.32 TIME LEFT:   3597.4 GRAD.:     2.256 HEAT:-56.97384    
 CYCLE:   9 TIME:   0.29 TIME LEFT:   3597.1 GRAD.:     1.454 HEAT:-56.98052    
 CYCLE:  10 TIME:   0.28 TIME LEFT:   3596.9 GRAD.:     1.295 HEAT:-56.98650    
 CYCLE:  11 TIME:   0.29 TIME LEFT:   3596.6 GRAD.:     1.218 HEAT:-56.99114    
 CYCLE:  12 TIME:   0.28 TIME LEFT:   3596.3 GRAD.:     0.890 HEAT:-56.99334    

     RMS GRADIENT =  0.89032  IS LESS THAN CUTOFF =  1.00000



 -------------------------------------------------------------------------------
      GEO-OK XYZ NOINTER  EF
 Test of optimizing all cartesian coordinates
 Heat should be -56.993


     GEOMETRY OPTIMISED USING EIGENVECTOR FOLLOWING (EF).     
     SCF FIELD WAS ACHIEVED                                   


                               MNDO    CALCULATION
                                                       VERSION  7.00
                                                       Fri Apr  2 08:53:50 1993




          FINAL HEAT OF FORMATION =        -56.99334 KCAL


          TOTAL ENERGY            =      -1324.26642 EV
          ELECTRONIC ENERGY       =      -2849.75635 EV
          CORE-CORE REPULSION     =       1525.48993 EV

          IONIZATION POTENTIAL    =         12.33069
          NO. OF FILLED LEVELS    =         13
          MOLECULAR WEIGHT        =    147.374


          SCF CALCULATIONS  =               13
          COMPUTATION TIME =   3.840 SECONDS





    ATOM   CHEMICAL  BOND LENGTH    BOND ANGLE     TWIST ANGLE
   NUMBER  SYMBOL    (ANGSTROMS)     (DEGREES)      (DEGREES)
    (I)                  NA:I          NB:NA:I      NC:NB:NA:I     NA   NB   NC

      1      H       
      2      C         1.11628  *                                  1
      3      F         1.32986  *     112.39404  *                 2    1
      4     Cl         1.81072  *     106.46343  * -121.44477  *   2    1    3
      5     Br         1.90235  *     106.27491  *  123.19352  *   2    1    3


      MOLECULAR POINT GROUP   :   C1  


                  EIGENVALUES

 -48.02002 -29.36448 -26.33058 -24.89318 -19.24703 -18.86622 -18.64484 -14.98129
 -14.53210 -13.51194 -12.97175 -12.53882 -12.33069  -0.95526  -0.37448   2.27183
   3.57723


              NET ATOMIC CHARGES AND DIPOLE CONTRIBUTIONS

         ATOM NO.   TYPE          CHARGE        ATOM  ELECTRON DENSITY
           1          H           0.0785          0.9215
           2          C           0.3232          3.6768
           3          F          -0.1738          7.1738
           4         Cl          -0.1565          7.1565
           5         Br          -0.0714          7.0714
 DIPOLE           X         Y         Z       TOTAL
 POINT-CHG.    -1.412    -0.002     0.590     1.530
 HYBRID        -0.063     0.004    -0.127     0.142
 SUM           -1.475     0.002     0.463     1.546


          CARTESIAN COORDINATES 

    NO.       ATOM               X         Y         Z

     1         H                 -1.1800    0.1200   -0.0200
     2         C                 -0.0637    0.1200   -0.0200
     3         F                  0.4429    1.3496   -0.0200
     4        Cl                  0.4494   -0.7859   -1.5015
     5        Br                  0.4694   -0.8797    1.5081


          ATOMIC ORBITAL ELECTRON POPULATIONS

   0.92154   1.24063   0.90933   0.72569   0.80114   1.88369   1.88433   1.46292
   1.94282   1.98745   1.93573   1.77829   1.45507   1.99047   1.93547   1.73483
   1.41061



 TOTAL CPU TIME:             3.87 SECONDS

 == MOPAC DONE ==
