 *******************************************************************************
 ** MOPAC (PUBLIC DOMAIN) FOR DEVELOPMENT USE ONLY.  NOT FOR PRODUCTION WORK  **
 *******************************************************************************

                                 PM3 CALCULATION RESULTS


 *******************************************************************************
 *          MOPAC:  VERSION  7.00               CALC'D. Fri Apr  2 08:54:22 1993
 *  VECTORS  - FINAL EIGENVECTORS TO BE PRINTED
 *  GREEN    - RUN DANOVICH'S GREEN'S FUNCTION CALCN.
 *   T=      - A TIME OF  3600.0 SECONDS REQUESTED
 *  DUMP=N   - RESTART FILE WRITTEN EVERY  3600.0 SECONDS
 *  1SCF     - DO 1 SCF AND THEN STOP 
 *  PM3      - THE PM3 HAMILTONIAN TO BE USED
 *  PRECISE  - CRITERIA TO BE INCREASED BY 100 TIMES
 ***********************************************************************030BY030
 1SCF  PM3 PRECISE GREENF VECT
 TEST FOR MOPAC 7.0 FOR J.J.P.STEWART
  dimethoxy-s-tetrazine method OVGF(PM3)

    ATOM   CHEMICAL  BOND LENGTH    BOND ANGLE     TWIST ANGLE
   NUMBER  SYMBOL    (ANGSTROMS)     (DEGREES)      (DEGREES)
    (I)                  NA:I          NB:NA:I      NC:NB:NA:I     NA   NB   NC

      1      C       
      2      N         1.37642  *                                  1
      3      N         1.28602  *     118.36407  *                 2    1
      4      C         1.37955  *     118.51027  *    0.00317  *   3    2    1
      5      N         1.37625  *     123.12897  *   -0.00211  *   4    3    2
      6      N         1.28617  *     118.35611  *   -0.00012  *   5    4    3
      7      O         1.35392  *     112.34420  *  179.99563  *   1    2    3
      8      O         1.35390  *     124.53025  * -179.99976  *   4    3    2
      9      C         1.41426  *     117.59432  *  179.99799  *   7    1    2
     10      H         1.09535  *     112.24034  *   62.17779  *   9    7    1
     11      H         1.09534  *     112.23293  *  -62.21587  *   9    7    1
     12      H         1.09377  *     101.50305  *  179.98192  *   9    7    1
     13      C         1.41425  *     117.59651  *   -0.00905  *   8    4    3
     14      H         1.09535  *     112.23477  *   62.20685  *  13    8    4
     15      H         1.09535  *     112.23416  *  -62.19005  *  13    8    4
     16      H         1.09378  *     101.50562  * -179.98986  *  13    8    4


          CARTESIAN COORDINATES 

    NO.       ATOM         X         Y         Z

     1         C        0.0000    0.0000    0.0000
     2         N        1.3764    0.0000    0.0000
     3         N        1.9874    1.1316    0.0000
     4         C        1.2335    2.2870    0.0001
     5         N       -0.1428    2.2870    0.0001
     6         N       -0.7537    1.1552    0.0000
     7         O       -0.5147   -1.2523   -0.0001
     8         O        1.7482    3.5392    0.0001
     9         C       -1.9230   -1.3817   -0.0001
    10         H       -2.3792   -0.9483   -0.8967
    11         H       -2.3790   -0.9490    0.8970
    12         H       -2.0422   -2.4689   -0.0005
    13         C        3.1565    3.6687    0.0002
    14         H        3.6126    3.2358   -0.8967
    15         H        3.6125    3.2356    0.8971
    16         H        3.2756    4.7560    0.0004


     MOLECULAR POINT GROUP   :   C2H 
  H: (PM3): J. J. P. STEWART, J. COMP. CHEM.     10, 209 (1989).                
  C: (PM3): J. J. P. STEWART, J. COMP. CHEM.     10, 209 (1989).                
  N: (PM3): J. J. P. STEWART, J. COMP. CHEM.     10, 209 (1989).                
  O: (PM3): J. J. P. STEWART, J. COMP. CHEM.     10, 209 (1989).                


          RHF CALCULATION, NO. OF DOUBLY OCCUPIED LEVELS = 27


            INTERATOMIC DISTANCES
0
                  C  1       N  2       N  3       C  4       N  5       N  6
 ------------------------------------------------------------------------------
     C    1   0.000000
     N    2   1.376420   0.000000
     N    3   2.286971   1.286020   0.000000
     C    4   2.598401   2.291429   1.379550   0.000000
     N    5   2.291498   2.745636   2.423323   1.376250   0.000000
     N    6   1.379360   2.423218   2.741176   2.286855   1.286170   0.000000
     O    7   1.353920   2.268165   3.455924   3.947448   3.558800   2.419331
     O    8   3.947428   3.558684   2.419435   1.353900   2.267961   3.455837
     C    9   2.367938   3.577080   4.648448   4.839688   4.077853   2.793434
     H   10   2.713667   3.975943   4.919074   4.931811   4.034034   2.805587
     H   11   2.713816   3.975960   4.919223   4.932142   4.034511   2.806064
     H   12   3.204081   4.216925   5.403827   5.774820   5.121241   3.846399
     C   13   4.839700   4.077731   2.793471   2.367939   3.576884   4.648342
     H   14   4.932082   4.034233   2.805887   2.713798   3.975828   4.919102
     H   15   4.931906   4.034071   2.805767   2.713673   3.975677   4.918931
     H   16   5.774848   5.121142   3.846470   3.204105   4.216753   5.403770
0
                  O  7       O  8       C  9       H 10       H 11       H 12
 ------------------------------------------------------------------------------
     O    7   0.000000
     O    8   5.298962   0.000000
     C    9   1.414260   6.139470   0.000000
     H   10   2.091071   6.162591   1.095350   0.000000
     H   11   2.090974   6.162981   1.095340   1.793671   0.000000
     H   12   1.952798   7.103853   1.093770   1.796945   1.796949   0.000000
     C   13   6.139505   1.414250   7.162950   7.263964   7.264228   8.043417
     H   14   6.162913   2.090995   7.264196   7.308137   7.525242   8.082318
     H   15   6.162746   2.090988   7.264012   7.524811   7.308108   8.082220
     H   16   7.103903   1.952832   8.043429   8.082122   8.082417   8.970961
0
                  C 13       H 14       H 15       H 16
 ------------------------------------------------------
     C   13   0.000000
     H   14   1.095350   0.000000
     H   15   1.095350   1.793733   0.000000
     H   16   1.093780   1.796955   1.796925   0.000000

 -------------------------------------------------------------------------------
 1SCF  PM3 PRECISE GREENF VECT
 TEST FOR MOPAC 7.0 FOR J.J.P.STEWART
  dimethoxy-s-tetrazine method OVGF(PM3)


     1SCF WAS SPECIFIED, SO BFGS WAS NOT USED                 
     SCF FIELD WAS ACHIEVED                                   


                                PM3    CALCULATION
                                                       VERSION  7.00
                                                       Fri Apr  2 08:54:24 1993




          FINAL HEAT OF FORMATION =         14.44080 KCAL


          TOTAL ENERGY            =      -1799.83570 EV
          ELECTRONIC ENERGY       =      -8385.72709 EV
          CORE-CORE REPULSION     =       6585.89139 EV

          IONIZATION POTENTIAL    =         10.00519
          NO. OF FILLED LEVELS    =         27
          MOLECULAR WEIGHT        =    142.117


          SCF CALCULATIONS  =                1
          COMPUTATION TIME =   1.830 SECONDS





    ATOM   CHEMICAL  BOND LENGTH    BOND ANGLE     TWIST ANGLE
   NUMBER  SYMBOL    (ANGSTROMS)     (DEGREES)      (DEGREES)
    (I)                  NA:I          NB:NA:I      NC:NB:NA:I     NA   NB   NC

      1      C       
      2      N         1.37642  *                                  1
      3      N         1.28602  *     118.36407  *                 2    1
      4      C         1.37955  *     118.51027  *    0.00317  *   3    2    1
      5      N         1.37625  *     123.12897  *   -0.00211  *   4    3    2
      6      N         1.28617  *     118.35611  *   -0.00012  *   5    4    3
      7      O         1.35392  *     112.34420  *  179.99563  *   1    2    3
      8      O         1.35390  *     124.53025  * -179.99976  *   4    3    2
      9      C         1.41426  *     117.59432  *  179.99799  *   7    1    2
     10      H         1.09535  *     112.24034  *   62.17779  *   9    7    1
     11      H         1.09534  *     112.23293  *  -62.21587  *   9    7    1
     12      H         1.09377  *     101.50305  *  179.98192  *   9    7    1
     13      C         1.41425  *     117.59651  *   -0.00905  *   8    4    3
     14      H         1.09535  *     112.23477  *   62.20685  *  13    8    4
     15      H         1.09535  *     112.23416  *  -62.19005  *  13    8    4
     16      H         1.09378  *     101.50562  * -179.98986  *  13    8    4


            INTERATOMIC DISTANCES
0
                  C  1       N  2       N  3       C  4       N  5       N  6
 ------------------------------------------------------------------------------
     C    1   0.000000
     N    2   1.376420   0.000000
     N    3   2.286971   1.286020   0.000000
     C    4   2.598401   2.291429   1.379550   0.000000
     N    5   2.291498   2.745636   2.423323   1.376250   0.000000
     N    6   1.379360   2.423218   2.741176   2.286855   1.286170   0.000000
     O    7   1.353920   2.268165   3.455924   3.947448   3.558800   2.419331
     O    8   3.947428   3.558684   2.419435   1.353900   2.267961   3.455837
     C    9   2.367938   3.577080   4.648448   4.839688   4.077853   2.793434
     H   10   2.713667   3.975943   4.919074   4.931811   4.034034   2.805587
     H   11   2.713816   3.975960   4.919223   4.932142   4.034511   2.806064
     H   12   3.204081   4.216925   5.403827   5.774820   5.121241   3.846399
     C   13   4.839700   4.077731   2.793471   2.367939   3.576884   4.648342
     H   14   4.932082   4.034233   2.805887   2.713798   3.975828   4.919102
     H   15   4.931906   4.034071   2.805767   2.713673   3.975677   4.918931
     H   16   5.774848   5.121142   3.846470   3.204105   4.216753   5.403770
0
                  O  7       O  8       C  9       H 10       H 11       H 12
 ------------------------------------------------------------------------------
     O    7   0.000000
     O    8   5.298962   0.000000
     C    9   1.414260   6.139470   0.000000
     H   10   2.091071   6.162591   1.095350   0.000000
     H   11   2.090974   6.162981   1.095340   1.793671   0.000000
     H   12   1.952798   7.103853   1.093770   1.796945   1.796949   0.000000
     C   13   6.139505   1.414250   7.162950   7.263964   7.264228   8.043417
     H   14   6.162913   2.090995   7.264196   7.308137   7.525242   8.082318
     H   15   6.162746   2.090988   7.264012   7.524811   7.308108   8.082220
     H   16   7.103903   1.952832   8.043429   8.082122   8.082417   8.970961
0
                  C 13       H 14       H 15       H 16
 ------------------------------------------------------
     C   13   0.000000
     H   14   1.095350   0.000000
     H   15   1.095350   1.793733   0.000000
     H   16   1.093780   1.796955   1.796925   0.000000


      MOLECULAR POINT GROUP   :   C2H 


                EIGENVECTORS  


   Root No.   19      20      21      22      23      24      25      26

              8 BU    2 BG    9 BU    9 AG    3 BG    3 AU   10 BU   10 AG  

           -13.643 -13.254 -13.020 -12.976 -12.908 -12.273 -11.957 -10.141
  
  S   C  1  0.0991  0.0000  0.0133  0.0647  0.0000  0.0000 -0.2017 -0.0013
  Px  C  1 -0.0859  0.0000  0.0065 -0.0760  0.0000  0.0000 -0.0787 -0.2333
  Py  C  1 -0.1249  0.0000 -0.0682 -0.0830  0.0000  0.0000 -0.1491  0.1330
  Pz  C  1  0.0000 -0.3171  0.0000  0.0001 -0.0841 -0.0594  0.0000  0.0000
  S   N  2 -0.0007  0.0000 -0.1679 -0.1634  0.0000  0.0000  0.3503  0.2670
  Px  N  2  0.0583  0.0000 -0.2010 -0.0141  0.0000  0.0000  0.2043  0.2938
  Py  N  2 -0.1155  0.0000  0.3725  0.3185  0.0000  0.0000 -0.2857 -0.2536
  Pz  N  2  0.0000 -0.2387 -0.0001  0.0000  0.4448  0.1670  0.0000  0.0000
  S   N  3  0.1203  0.0000 -0.1829 -0.2022  0.0000  0.0000 -0.3201 -0.2509
  Px  N  3  0.1376  0.0000 -0.4702 -0.3226 -0.0001  0.0000 -0.2826 -0.3458
  Py  N  3  0.0403  0.0000 -0.0275 -0.1546  0.0000  0.0000  0.0195  0.1151
  Pz  N  3  0.0000 -0.0058  0.0000  0.0000  0.5245  0.1829  0.0000  0.0000
  S   C  4 -0.0992  0.0000 -0.0112  0.0651  0.0000  0.0000  0.2017 -0.0013
  Px  C  4 -0.0861  0.0000  0.0089  0.0757  0.0000  0.0000 -0.0786  0.2333
  Py  C  4 -0.1251  0.0000 -0.0655  0.0849  0.0000  0.0000 -0.1492 -0.1330
  Pz  C  4  0.0000  0.3172  0.0000 -0.0001  0.0836 -0.0594  0.0000  0.0000
  S   N  5  0.0006  0.0000  0.1629 -0.1686  0.0000  0.0001 -0.3502  0.2670
  Px  N  5  0.0584  0.0000 -0.2005  0.0204  0.0000  0.0000  0.2043 -0.2938
  Py  N  5 -0.1157 -0.0001  0.3627 -0.3300  0.0000  0.0001 -0.2856  0.2536
  Pz  N  5  0.0000  0.2387  0.0001  0.0000 -0.4445  0.1678  0.0000  0.0000
  S   N  6 -0.1203  0.0000  0.1766 -0.2077  0.0000  0.0000  0.3201 -0.2509
  Px  N  6  0.1376  0.0001 -0.4601  0.3370  0.0000  0.0000 -0.2826  0.3459
  Py  N  6  0.0403  0.0000 -0.0228  0.1554  0.0000  0.0000  0.0195 -0.1151
  Pz  N  6  0.0000  0.0057  0.0000  0.0001 -0.5243  0.1837  0.0000  0.0000
  S   O  7 -0.1218  0.0000 -0.0301 -0.0588  0.0000  0.0000 -0.0096  0.0290
  Px  O  7 -0.1142  0.0000 -0.0167 -0.0299  0.0000  0.0000 -0.0131  0.0451
  Py  O  7  0.2180  0.0001  0.0570  0.2596  0.0000  0.0000 -0.0002 -0.0440
  Pz  O  7  0.0000 -0.2810  0.0000  0.0000 -0.0531 -0.4921  0.0000  0.0000
  S   O  8  0.1219  0.0000  0.0282 -0.0597  0.0000  0.0000  0.0096  0.0290
  Px  O  8 -0.1144  0.0000 -0.0157  0.0304  0.0000  0.0000 -0.0132 -0.0452
  Py  O  8  0.2182  0.0000  0.0490 -0.2612  0.0000  0.0000 -0.0001  0.0441
  Pz  O  8  0.0000  0.2812  0.0000 -0.0001  0.0525 -0.4920  0.0000  0.0000
  S   C  9  0.0150  0.0000 -0.0116  0.0189  0.0000  0.0000 -0.0053 -0.0124
  Px  C  9  0.1395  0.0000  0.0408  0.0262  0.0000  0.0000  0.0232 -0.0667
  Py  C  9 -0.3804 -0.0001 -0.1370 -0.2096 -0.0001  0.0000 -0.0251  0.0066
  Pz  C  9  0.0000  0.3491  0.0000 -0.0001  0.0944  0.2778  0.0000  0.0000
  S   H 10 -0.1841 -0.2659 -0.0618 -0.0925 -0.0658 -0.2403 -0.0135  0.0170
  S   H 11 -0.1839  0.2660 -0.0617 -0.0924  0.0658  0.2404 -0.0135  0.0169
  S   H 12  0.3274 -0.0001  0.1141  0.1975  0.0000 -0.0001  0.0188 -0.0067
  S   C 13 -0.0150  0.0000  0.0122  0.0186  0.0000  0.0000  0.0053 -0.0124
  Px  C 13  0.1397  0.0000  0.0399 -0.0274  0.0000  0.0000  0.0233  0.0667
  Py  C 13 -0.3810  0.0001 -0.1302  0.2134  0.0000  0.0000 -0.0251 -0.0067
  Pz  C 13  0.0000 -0.3492  0.0000  0.0001 -0.0938  0.2778  0.0000  0.0000
  S   H 14  0.1843  0.2660  0.0588 -0.0943  0.0653 -0.2404  0.0135  0.0169
  S   H 15  0.1844 -0.2660  0.0588 -0.0942 -0.0653  0.2404  0.0135  0.0169
  S   H 16 -0.3279  0.0000 -0.1077  0.2007  0.0000  0.0000 -0.0188 -0.0067


   Root No.   27      28      29      30      31      32      33      34

              4 BG    4 AU    5 AU   11 AG   11 BU    5 BG   12 AG   12 BU  

           -10.005  -1.449  -1.044   0.926   1.121   1.395   2.052   2.572
  
  S   C  1  0.0000  0.0000  0.0000  0.4294  0.3382  0.0000  0.0506 -0.1379
  Px  C  1  0.0000  0.0000  0.0000  0.0330 -0.0333  0.0000 -0.1730  0.1470
  Py  C  1  0.0000  0.0000  0.0000  0.0580 -0.1067  0.0000  0.2475 -0.2141
  Pz  C  1  0.3882 -0.0673 -0.5788  0.0000  0.0000 -0.4270  0.0000  0.0000
  S   N  2  0.0000  0.0000  0.0000 -0.1749 -0.1776  0.0000  0.1578 -0.0085
  Px  N  2  0.0000  0.0000  0.0000  0.2937  0.1667  0.0000 -0.0416  0.0120
  Py  N  2  0.0000  0.0000  0.0000  0.0004 -0.1995  0.0000  0.2276  0.1333
  Pz  N  2  0.2974 -0.4745  0.2939  0.0000  0.0000  0.3915  0.0000  0.0000
  S   N  3  0.0000  0.0000  0.0000 -0.1646  0.1584  0.0000 -0.2216 -0.1541
  Px  N  3  0.0000  0.0000  0.0000  0.1541 -0.2453  0.0000  0.3273  0.2021
  Py  N  3  0.0000  0.0000  0.0000 -0.2454  0.0011  0.0000  0.0008 -0.1632
  Pz  N  3 -0.2691  0.5192  0.1814  0.0000  0.0001 -0.3836  0.0000  0.0000
  S   C  4  0.0000  0.0000  0.0000  0.4288 -0.3390  0.0000  0.0507  0.1376
  Px  C  4  0.0000  0.0000  0.0000 -0.0326 -0.0334  0.0000  0.1730  0.1465
  Py  C  4  0.0000  0.0000  0.0000 -0.0584 -0.1065  0.0000 -0.2478 -0.2142
  Pz  C  4 -0.3882 -0.0671 -0.5788  0.0000 -0.0001  0.4270  0.0000  0.0000
  S   N  5  0.0000  0.0000  0.0000 -0.1744  0.1779  0.0000  0.1578  0.0082
  Px  N  5  0.0000  0.0000  0.0000 -0.2932  0.1672  0.0000  0.0414  0.0119
  Py  N  5  0.0000  0.0000  0.0000 -0.0007 -0.1995  0.0000 -0.2276  0.1338
  Pz  N  5 -0.2977 -0.4742  0.2941  0.0000  0.0000 -0.3915  0.0000  0.0000
  S   N  6  0.0000  0.0000  0.0000 -0.1648 -0.1581  0.0000 -0.2216  0.1545
  Px  N  6  0.0000  0.0000  0.0000 -0.1544 -0.2449  0.0000 -0.3271  0.2025
  Py  N  6  0.0000  0.0000  0.0000  0.2451  0.0006  0.0000 -0.0011 -0.1631
  Pz  N  6  0.2694  0.5190  0.1816  0.0000  0.0000  0.3837  0.0000  0.0000
  S   O  7  0.0000  0.0000  0.0000 -0.1002 -0.1503  0.0000  0.1041 -0.0922
  Px  O  7  0.0000  0.0000  0.0000  0.0524  0.0981  0.0000 -0.1792  0.2570
  Py  O  7  0.0000  0.0000  0.0000 -0.2236 -0.3123  0.0000  0.0621 -0.0019
  Pz  O  7 -0.4033  0.0297  0.2055  0.0000  0.0000  0.1219  0.0000  0.0000
  S   O  8  0.0000  0.0000  0.0000 -0.0999  0.1505  0.0000  0.1043  0.0924
  Px  O  8  0.0000  0.0000  0.0000 -0.0522  0.0982  0.0000  0.1793  0.2571
  Py  O  8  0.0000  0.0000  0.0000  0.2230 -0.3127  0.0000 -0.0622 -0.0022
  Pz  O  8  0.4033  0.0296  0.2055  0.0000  0.0000 -0.1219  0.0000  0.0000
  S   C  9  0.0000  0.0000  0.0000  0.0505  0.0882  0.0000 -0.2182  0.3217
  Px  C  9  0.0000  0.0000  0.0000  0.1201  0.2053  0.0000 -0.2279  0.2292
  Py  C  9  0.0000  0.0000  0.0000  0.0121  0.0191  0.0000 -0.0575  0.0927
  Pz  C  9  0.0742 -0.0106  0.0124  0.0000  0.0000  0.0198  0.0000  0.0000
  S   H 10 -0.1002  0.0046  0.0399  0.0034  0.0001  0.0316  0.0847 -0.1660
  S   H 11  0.1002 -0.0047 -0.0399  0.0033  0.0001 -0.0316  0.0846 -0.1660
  S   H 12  0.0000  0.0000  0.0000 -0.0637 -0.0905  0.0000  0.0860 -0.0995
  S   C 13  0.0000  0.0000  0.0000  0.0502 -0.0883  0.0000 -0.2184 -0.3217
  Px  C 13  0.0000  0.0000  0.0000 -0.1196  0.2055  0.0000  0.2281  0.2294
  Py  C 13  0.0000  0.0000  0.0000 -0.0120  0.0191  0.0000  0.0576  0.0926
  Pz  C 13 -0.0742 -0.0106  0.0124  0.0000  0.0000 -0.0198  0.0000  0.0000
  S   H 14  0.1002  0.0046  0.0399  0.0034 -0.0001 -0.0316  0.0847  0.1660
  S   H 15 -0.1002 -0.0046 -0.0399  0.0034 -0.0001  0.0316  0.0847  0.1660
  S   H 16  0.0000  0.0000  0.0000 -0.0635  0.0906  0.0000  0.0861  0.0996


              NET ATOMIC CHARGES AND DIPOLE CONTRIBUTIONS

         ATOM NO.   TYPE          CHARGE        ATOM  ELECTRON DENSITY
           1          C          -0.0158          4.0158
           2          N           0.0003          4.9997
           3          N          -0.0481          5.0481
           4          C          -0.0159          4.0159
           5          N           0.0002          4.9998
           6          N          -0.0483          5.0483
           7          O          -0.1350          6.1350
           8          O          -0.1350          6.1350
           9          C           0.0562          3.9438
          10          H           0.0434          0.9566
          11          H           0.0434          0.9566
          12          H           0.0559          0.9441
          13          C           0.0562          3.9438
          14          H           0.0434          0.9566
          15          H           0.0434          0.9566
          16          H           0.0559          0.9441
 DIPOLE           X         Y         Z       TOTAL
 POINT-CHG.     0.001    -0.001     0.000     0.001
 HYBRID         0.000     0.000     0.000     0.000
 SUM            0.001    -0.001     0.000     0.001


          CARTESIAN COORDINATES 

    NO.       ATOM               X         Y         Z

     1         C                  0.0000    0.0000    0.0000
     2         N                  1.3764    0.0000    0.0000
     3         N                  1.9874    1.1316    0.0000
     4         C                  1.2335    2.2870    0.0001
     5         N                 -0.1428    2.2870    0.0001
     6         N                 -0.7537    1.1552    0.0000
     7         O                 -0.5147   -1.2523   -0.0001
     8         O                  1.7482    3.5392    0.0001
     9         C                 -1.9230   -1.3817   -0.0001
    10         H                 -2.3792   -0.9483   -0.8967
    11         H                 -2.3790   -0.9490    0.8970
    12         H                 -2.0422   -2.4689   -0.0005
    13         C                  3.1565    3.6687    0.0002
    14         H                  3.6126    3.2358   -0.8967
    15         H                  3.6125    3.2356    0.8971
    16         H                  3.2756    4.7560    0.0004


          ATOMIC ORBITAL ELECTRON POPULATIONS

   1.24619   0.92106   0.89624   0.95234   1.63544   1.04578   1.24869   1.06981
   1.64293   1.36929   0.93531   1.10060   1.24621   0.92111   0.89623   0.95233
   1.63548   1.04576   1.24858   1.07001   1.64288   1.36937   0.93530   1.10071
   1.82991   1.23304   1.20677   1.86532   1.82990   1.23304   1.20680   1.86530
   1.13568   0.80064   1.00161   1.00590   0.95659   0.95661   0.94411   1.13568
   0.80066   1.00162   1.00589   0.95660   0.95660   0.94411




          ************************************************
          *                                              *
          *   SEMIEMPIRICAL GREEN FUNCTION CALCULATION   *
          *                                              *
          *  This package was written by Dr. D.Danovich  *
          *            Chemistry Department              *
          *    TECHNION-Israel Institute of Technology   *
          *      Technion City, Haifa  32000, ISRAEL     *
          *                                              *
          ************************************************



 NUMBER OF OCCUPIED MOS      20
 NUMBER OF UNOCCUPIED MOS    19
 PRINTING FLAG                0



 THERE ARE      304590 NONZERO INTEGRALS.



     number of nonzero integrals =    304590     Total number of MO  =  46


                                     Orbital energy 

           1      2      3      4      5      6      7      8      9     10

          11     12     13     14     15     16     17     18     19     20

          21     22     23     24     25     26     27     28     29     30

          31     32     33     34     35     36     37     38     39     40

          41     42     43     44     45     46


     -39.868-39.206-35.705-29.957-28.757-28.219-26.595-23.259-22.607-20.684


     -19.197-19.183-17.470-16.910-16.112-15.897-15.109-13.924-13.643-13.254


     -13.020-12.976-12.908-12.273-11.957-10.141-10.005 -1.449 -1.044  0.926


       1.121  1.395  2.052  2.572  2.821  3.414  3.501  3.615  3.645  3.786


       3.786  3.866  5.007  5.071  5.570  6.881


      Higher occupied MO  is    27  MO 



     TOTAL NUMBER OF OCCUPIED ORBITALS INVOLVED IN THE
      OVGF CALCULATION = 20
     TOTAL NUMBER OF UNOCCUPIED ORBITALS INVOLVED IN THE
      OVGF CALCULATION = 19
     THE NUMBER OF FIRST OCCUPIED MO FOR WHICH OVGF CORRECTION 
     MUST BE STARTED = 20
     THE NUMBER OF LAST OCCUPIED MO FOR WHICH OVGF CORRECTION 
     MUST BE  FINISHED = 27
     TOLERANCE FACTOR =   1.00000000
     SECOND-ORDER CONTRIBUTION =   0
     THIRD-ORDER CONTRIBUTION =   0
     FULL EXPRESSION =   0
     PRINT FACTOR =   0
     ONLY SECOND-ORDER CONTRIBUTION =   1



      RESULTS OF CALCULATION PES  

 LEVEL     2      IR     3      IR     FINAL    IR     SCF

 20     -12.697    1    0.000    0    0.000     0    -13.254

 21     -12.174    1    0.000    0    0.000     0    -13.020

 22     -12.233    1    0.000    0    0.000     0    -12.976

 23     -12.427    1    0.000    0    0.000     0    -12.908

 24     -11.459    1    0.000    0    0.000     0    -12.273

 25     -11.211    1    0.000    0    0.000     0    -11.957

 26      -9.529    1    0.000    0    0.000     0    -10.141

 27      -9.670    1    0.000    0    0.000     0    -10.005


      IN CALCULATED USED    20 HOMO  and    19 LUMO 
      ACCURACY SELFCONSISTENT  =   1.00000000
      FINAL RESULT CALCULATED BY   0  METHOD 


      FINAL=0, CALCULATED BY  FORMULA W=EP+SUM2+(1+A)**(-1)*SU3R
      FINAL=1, CALCULATED BY FORMULA W=EP+SUM2+(1+G1)**-1)
   *(CS4+CS5+CS6+DS4+DS5+DS6)+(1+G2)**(-1)*(CS1+CS2+CS3+DS1
   +DS2+DS3)+AA
      FINAL= -1, CALCULATED BY FORMULA W=EP+SUM2+(1+A)**(-1)*SUM3


      CALCULATION RELAXATION EFFECTS ONLY  

   LEVEL  R.effect   ENERGY SCF     ENERGY

    20    0.038440   -13.2538         13.2154

    21    0.159918   -13.0202         12.8603

    22    0.066830   -12.9759         12.9091

    23    0.217969   -12.9082         12.6903

    24    0.097383   -12.2734         12.1760

    25    0.165876   -11.9573         11.7915

    26    0.180178   -10.1406          9.9605

    27    0.156901   -10.0052          9.8483



 TOTAL CPU TIME:            50.69 SECONDS

 == MOPAC DONE ==
