 *******************************************************************************
 ** MOPAC (PUBLIC DOMAIN) FOR DEVELOPMENT USE ONLY.  NOT FOR PRODUCTION WORK  **
 *******************************************************************************

                                MNDO CALCULATION RESULTS


 *******************************************************************************
 *          MOPAC:  VERSION  7.00               CALC'D. Fri Apr  2 08:53:24 1993
 *  POLAR    - CALCULATE FIRST, SECOND AND THIRD-ORDER POLARIZABILITIES
 *  SYMMETRY - SYMMETRY CONDITIONS TO BE IMPOSED
 *   T=      - A TIME OF  3600.0 SECONDS REQUESTED
 *  DUMP=N   - RESTART FILE WRITTEN EVERY  3600.0 SECONDS
 ***********************************************************************030BY030



     PARAMETER DEPENDENCE DATA

        REFERENCE ATOM      FUNCTION NO.    DEPENDENT ATOM(S)
            3                  1             4
            3                  2             4

             DESCRIPTIONS OF THE FUNCTIONS USED

   1      BOND LENGTH    IS SET EQUAL TO THE REFERENCE BOND LENGTH   
   2      BOND ANGLE     IS SET EQUAL TO THE REFERENCE BOND ANGLE    
    POLAR  SYMMETRY
 Formaldehyde, for Demonstration Purposes
 

    ATOM   CHEMICAL  BOND LENGTH    BOND ANGLE     TWIST ANGLE
   NUMBER  SYMBOL    (ANGSTROMS)     (DEGREES)      (DEGREES)
    (I)                  NA:I          NB:NA:I      NC:NB:NA:I     NA   NB   NC

      1      O       
      2      C         1.20000  *                                  1
      3      H         1.10000  *     120.00000  *                 2    1
      4      H         1.10000        120.00000     180.00000      2    1    3


          CARTESIAN COORDINATES 

    NO.       ATOM         X         Y         Z

     1         O        0.0000    0.0000    0.0000
     2         C        1.2000    0.0000    0.0000
     3         H        1.7500    0.9526    0.0000
     4         H        1.7500   -0.9526    0.0000


     MOLECULAR POINT GROUP   :   C2V 
  H: (MNDO):  M.J.S. DEWAR, W. THIEL, J. AM. CHEM. SOC., 99, 4899, (1977)       
  C: (MNDO):  M.J.S. DEWAR, W. THIEL, J. AM. CHEM. SOC., 99, 4899, (1977)       
  O: (MNDO):  M.J.S. DEWAR, W. THIEL, J. AM. CHEM. SOC., 99, 4899, (1977)       


          RHF CALCULATION, NO. OF DOUBLY OCCUPIED LEVELS =  6


            INTERATOMIC DISTANCES
0
                  O  1       C  2       H  3       H  4
 ------------------------------------------------------
     O    1   0.000000
     C    2   1.200000   0.000000
     H    3   1.992486   1.100000   0.000000
     H    4   1.992486   1.100000   1.905256   0.000000
 CYCLE:   1 TIME:   0.11 TIME LEFT:   3599.7 GRAD.:     6.340 HEAT:-32.84026    
 CYCLE:   2 TIME:   0.05 TIME LEFT:   3599.7 GRAD.:     2.535 HEAT:-32.88011    
 HEAT OF FORMATION TEST SATISFIED
 PETERS TEST SATISFIED 

 -------------------------------------------------------------------------------
    POLAR  SYMMETRY
 Formaldehyde, for Demonstration Purposes
 


     PETERS TEST WAS SATISFIED IN BFGS OPTIMIZATION           
     SCF FIELD WAS ACHIEVED                                   


                               MNDO    CALCULATION
                                                       VERSION  7.00
                                                       Fri Apr  2 08:53:25 1993




          FINAL HEAT OF FORMATION =        -32.88176 KCAL


          TOTAL ENERGY            =       -478.11917 EV
          ELECTRONIC ENERGY       =       -870.69628 EV
          CORE-CORE REPULSION     =        392.57711 EV

          IONIZATION POTENTIAL    =         11.04197
          NO. OF FILLED LEVELS    =          6
          MOLECULAR WEIGHT        =     30.026


          SCF CALCULATIONS  =                6
          COMPUTATION TIME =   0.410 SECONDS





    ATOM   CHEMICAL  BOND LENGTH    BOND ANGLE     TWIST ANGLE
   NUMBER  SYMBOL    (ANGSTROMS)     (DEGREES)      (DEGREES)
    (I)                  NA:I          NB:NA:I      NC:NB:NA:I     NA   NB   NC

      1      O       
      2      C         1.21678  *                                  1
      3      H         1.10590  *     123.50231  *                 2    1
      4      H         1.10590        123.50231     180.00000      2    1    3


            INTERATOMIC DISTANCES
0
                  O  1       C  2       H  3       H  4
 ------------------------------------------------------
     O    1   0.000000
     C    2   1.216776   0.000000
     H    3   2.046723   1.105904   0.000000
     H    4   2.046723   1.105904   1.844347   0.000000


      MOLECULAR POINT GROUP   :   C2V 


                  EIGENVALUES

 -42.98353 -25.12195 -16.95327 -16.29818 -14.17550 -11.04197   0.85804   3.67676
   3.84989   7.12409


              NET ATOMIC CHARGES AND DIPOLE CONTRIBUTIONS

         ATOM NO.   TYPE          CHARGE        ATOM  ELECTRON DENSITY
           1          O          -0.2903          6.2903
           2          C           0.2921          3.7079
           3          H          -0.0009          1.0009
           4          H          -0.0009          1.0009
 DIPOLE           X         Y         Z       TOTAL
 POINT-CHG.     1.692     0.000     0.000     1.692
 HYBRID         0.475     0.000     0.000     0.475
 SUM            2.166     0.000     0.000     2.166


          CARTESIAN COORDINATES 

    NO.       ATOM               X         Y         Z

     1         O                  0.0000    0.0000    0.0000
     2         C                  1.2168    0.0000    0.0000
     3         H                  1.8272    0.9222    0.0000
     4         H                  1.8272   -0.9222    0.0000


          ATOMIC ORBITAL ELECTRON POPULATIONS

   1.88270   1.21586   1.89126   1.30050   1.25532   0.86217   0.89095   0.69950
   1.00087   1.00087
1******************** TDHF POLARIZABILITIES ********************



          MOLECULAR WEIGHT =   30.03



           PRINCIPAL MOMENTS OF INERTIA IN CM(-1)

          A =    9.833870   B =    1.261600   C =    1.118151



           PRINCIPAL MOMENTS OF INERTIA IN UNITS OF 10**(-40)*GRAM-CM**2

          A =    2.846554   B =   22.188196   C =   25.034750


 ROTATION MATRIX FOR ORIENTATION OF MOLECULE:

        -1.000000    0.000000    0.000000
         0.000000   -1.000000    0.000000
         0.000000    0.000000    1.000000


          CARTESIAN COORDINATES 

    NO.       ATOM         X         Y         Z

     1         O        0.6094    0.0000    0.0000
     2         C       -0.6074    0.0000    0.0000
     3         H       -1.2178   -0.9222    0.0000
     4         H       -1.2178    0.9222    0.0000


 ENERGY OF "REORIENTED" SYSTEM WITHOUT FIELD:      -32.8817631428


  NFREQ=  3  IWFLB=  0  IBET=  1  IGAM=  1
  ATOL= 0.10000D-02  BTOL= 0.10000D-02    MAXITU=  500    MAXITA=  150


 *****************************************************************
 CALCULATION OF STATIC FIELD QUANTITIES
 *****************************************************************

 +++++ ALPHA AT       0.00000 EV.

 CONVERGED IN  10 ITERATIONS IN      0.12 SECONDS
           DENSITY CONVERG. TO  9.12302D-04
             ALPHA CONVERG. TO  9.69679D-04

      ALPHA(X,X) =  1.8702752D+01
      ALPHA(Y,X) =  1.9863977D-10
      ALPHA(Z,X) = -4.8795465D-10

 CONVERGED IN  11 ITERATIONS IN      0.14 SECONDS
           DENSITY CONVERG. TO  6.58506D-04
             ALPHA CONVERG. TO  2.17815D-03

      ALPHA(Y,Y) =  9.7938523D+00
      ALPHA(X,Y) =  1.9866331D-10
      ALPHA(Z,Y) = -1.0767537D-08

 CONVERGED IN   9 ITERATIONS IN      0.11 SECONDS
           DENSITY CONVERG. TO  7.03620D-04
             ALPHA CONVERG. TO  4.88292D-04

      ALPHA(Z,Z) =  2.3469180D+00
      ALPHA(X,Z) = -4.8793269D-10
      ALPHA(Y,Z) = -1.0769376D-08

  ISOTROPIC AVERAGE ALPHA =      10.28117 A.U.

 +++++ BETA (SECOND HARMONIC GENERATION) AT       0.00000 EV.


 CONVERGED IN  14 ITERATIONS IN      0.68 SECONDS
 MAXIMUM UAB ELEMENT =        5.41598,  MAXIMUM DIFFERENCE =        0.00081

      BETA(X,X,X) =        37.11909
      BETA(Y,X,X) =         0.00000
      BETA(Z,X,X) =         0.00000

 CONVERGED IN  13 ITERATIONS IN      0.65 SECONDS
 MAXIMUM UAB ELEMENT =        9.90247,  MAXIMUM DIFFERENCE =        0.00075

      BETA(X,X,Y) =         0.00000
      BETA(Y,X,Y) =        39.65181
      BETA(Z,X,Y) =         0.00000

 CONVERGED IN  13 ITERATIONS IN      0.65 SECONDS
 MAXIMUM UAB ELEMENT =        4.14332,  MAXIMUM DIFFERENCE =        0.00055

      BETA(X,X,Z) =         0.00000
      BETA(Y,X,Z) =         0.00000
      BETA(Z,X,Z) =         5.79988

 CONVERGED IN  16 ITERATIONS IN      0.76 SECONDS
 MAXIMUM UAB ELEMENT =       12.92266,  MAXIMUM DIFFERENCE =        0.00075

      BETA(X,Y,Y) =        39.66643
      BETA(Y,Y,Y) =         0.00000
      BETA(Z,Y,Y) =         0.00000

 CONVERGED IN  27 ITERATIONS IN      1.23 SECONDS
 MAXIMUM UAB ELEMENT =        9.41027,  MAXIMUM DIFFERENCE =        0.00082

      BETA(X,Y,Z) =         0.00000
      BETA(Y,Y,Z) =         0.00000
      BETA(Z,Y,Z) =         0.00000

 CONVERGED IN  10 ITERATIONS IN      0.50 SECONDS
 MAXIMUM UAB ELEMENT =        0.77301,  MAXIMUM DIFFERENCE =        0.00082

      BETA(X,Z,Z) =         5.79454
      BETA(Y,Z,Z) =         0.00000
      BETA(Z,Z,Z) =         0.00000


 AVERAGE BETAX(SHG) VALUE AT   0.00000 EV =    49.54432
 AVERAGE BETAY(SHG) VALUE AT   0.00000 EV =     0.00000
 AVERAGE BETAZ(SHG) VALUE AT   0.00000 EV =     0.00000


 AVERAGE BETA (SHG) VALUE AT   0.00000 EV =    49.54432



 +++++ ALPHA AT       0.00000 EV.

 CONVERGED IN  10 ITERATIONS IN      0.12 SECONDS
           DENSITY CONVERG. TO  9.12302D-04
             ALPHA CONVERG. TO  9.69679D-04

      ALPHA(X,X) =  1.8702752D+01
      ALPHA(Y,X) =  1.9863977D-10
      ALPHA(Z,X) = -4.8795465D-10

 CONVERGED IN  11 ITERATIONS IN      0.16 SECONDS
           DENSITY CONVERG. TO  6.58506D-04
             ALPHA CONVERG. TO  2.17815D-03

      ALPHA(Y,Y) =  9.7938523D+00
      ALPHA(X,Y) =  1.9866331D-10
      ALPHA(Z,Y) = -1.0767537D-08

 CONVERGED IN   9 ITERATIONS IN      0.11 SECONDS
           DENSITY CONVERG. TO  7.03620D-04
             ALPHA CONVERG. TO  4.88292D-04

      ALPHA(Z,Z) =  2.3469180D+00
      ALPHA(X,Z) = -4.8793269D-10
      ALPHA(Y,Z) = -1.0769376D-08

  ISOTROPIC AVERAGE ALPHA =      10.28117 A.U.


 GAMMA (THIRD HARMONIC GENERATION) AT    0.00000 EV.


 GAMMA(X,X,X,X) =    -266.37470
 GAMMA(Y,Y,Y,Y) =     250.55880
 GAMMA(Z,Z,Z,Z) =      -5.58304
 GAMMA(X,X,Y,Y) =     168.28002
 GAMMA(X,X,Z,Z) =      78.85592
 GAMMA(Y,Y,X,X) =     168.26779
 GAMMA(Y,Y,Z,Z) =      92.16561
 GAMMA(Z,Z,X,X) =      78.84936
 GAMMA(Z,Z,Y,Y) =      92.14769


 AVERAGE GAMMA VALUE AT    0.00000 =     131.43349




 **********************************************************************
 CALCULATION FOR A FREQUENCY OF    0.25000 EV  =       0.00919 A.U. 
                  WAVELENGTH OF    4959.37 NM  =    2016.38525 CM(-1)
 **********************************************************************

 +++++ ALPHA AT       0.25000 EV.

 CONVERGED IN  11 ITERATIONS IN      0.14 SECONDS
           DENSITY CONVERG. TO  6.72239D-04
             ALPHA CONVERG. TO  4.99296D-04

      ALPHA(X,X) =  1.8715372D+01
      ALPHA(Y,X) =  1.9881075D-10
      ALPHA(Z,X) = -4.8830949D-10

 CONVERGED IN  11 ITERATIONS IN      0.14 SECONDS
           DENSITY CONVERG. TO  9.45855D-04
             ALPHA CONVERG. TO  2.24448D-03

      ALPHA(Y,Y) =  9.8027243D+00
      ALPHA(X,Y) =  1.9881075D-10
      ALPHA(Z,Y) = -1.0775299D-08

 CONVERGED IN   9 ITERATIONS IN      0.12 SECONDS
           DENSITY CONVERG. TO  7.79359D-04
             ALPHA CONVERG. TO  4.92324D-04

      ALPHA(Z,Z) =  2.3475754D+00
      ALPHA(X,Z) = -4.8827469D-10
      ALPHA(Y,Z) = -1.0776999D-08

  ISOTROPIC AVERAGE ALPHA =      10.28856 A.U.

 +++++ BETA (SECOND HARMONIC GENERATION) AT       0.25000 EV.


 CONVERGED IN  15 ITERATIONS IN      0.72 SECONDS
 MAXIMUM UAB ELEMENT =        6.10703,  MAXIMUM DIFFERENCE =        0.00071

      BETA(X,X,X) =        37.23892
      BETA(Y,X,X) =         0.00000
      BETA(Z,X,X) =         0.00000

 CONVERGED IN  14 ITERATIONS IN      0.66 SECONDS
 MAXIMUM UAB ELEMENT =       11.12295,  MAXIMUM DIFFERENCE =        0.00080

      BETA(X,X,Y) =         0.00000
      BETA(Y,X,Y) =        39.87349
      BETA(Z,X,Y) =         0.00000

 CONVERGED IN  13 ITERATIONS IN      0.62 SECONDS
 MAXIMUM UAB ELEMENT =        4.18466,  MAXIMUM DIFFERENCE =        0.00073

      BETA(X,X,Z) =         0.00000
      BETA(Y,X,Z) =         0.00000
      BETA(Z,X,Z) =         5.82077

 CONVERGED IN  17 ITERATIONS IN      0.80 SECONDS
 MAXIMUM UAB ELEMENT =       14.46534,  MAXIMUM DIFFERENCE =        0.00070

      BETA(X,Y,Y) =        39.84208
      BETA(Y,Y,Y) =         0.00000
      BETA(Z,Y,Y) =         0.00000

 CONVERGED IN  31 ITERATIONS IN      1.46 SECONDS
 MAXIMUM UAB ELEMENT =        7.99153,  MAXIMUM DIFFERENCE =        0.00088

      BETA(X,Y,Z) =         0.00000
      BETA(Y,Y,Z) =         0.00000
      BETA(Z,Y,Z) =         0.00000

 CONVERGED IN  11 ITERATIONS IN      0.56 SECONDS
 MAXIMUM UAB ELEMENT =        0.72359,  MAXIMUM DIFFERENCE =        0.00062

      BETA(X,Z,Z) =         5.80957
      BETA(Y,Z,Z) =         0.00000
      BETA(Z,Z,Z) =         0.00000


 AVERAGE BETAX(SHG) VALUE AT   0.25000 EV =    49.75139
 AVERAGE BETAY(SHG) VALUE AT   0.25000 EV =     0.00000
 AVERAGE BETAZ(SHG) VALUE AT   0.25000 EV =     0.00000


 AVERAGE BETA (SHG) VALUE AT   0.25000 EV =    49.75139



 +++++ ALPHA AT       0.75000 EV.

 CONVERGED IN  12 ITERATIONS IN      0.18 SECONDS
           DENSITY CONVERG. TO  6.32423D-04
             ALPHA CONVERG. TO  3.90550D-04

      ALPHA(X,X) =  1.8813606D+01
      ALPHA(Y,X) =  2.0000668D-10
      ALPHA(Z,X) = -4.9109244D-10

 CONVERGED IN  12 ITERATIONS IN      0.16 SECONDS
           DENSITY CONVERG. TO  9.16083D-04
             ALPHA CONVERG. TO  1.39529D-03

      ALPHA(Y,Y) =  9.8757114D+00
      ALPHA(X,Y) =  2.0000890D-10
      ALPHA(Z,Y) = -1.0837074D-08

 CONVERGED IN   9 ITERATIONS IN      0.11 SECONDS
           DENSITY CONVERG. TO  9.70704D-04
             ALPHA CONVERG. TO  5.25219D-04

      ALPHA(Z,Z) =  2.3528539D+00
      ALPHA(X,Z) = -4.9102877D-10
      ALPHA(Y,Z) = -1.0838383D-08

  ISOTROPIC AVERAGE ALPHA =      10.34739 A.U.


 GAMMA (THIRD HARMONIC GENERATION) AT    0.25000 EV.


 GAMMA(X,X,X,X) =    -267.76847
 GAMMA(Y,Y,Y,Y) =     257.49135
 GAMMA(Z,Z,Z,Z) =      -5.56557
 GAMMA(X,X,Y,Y) =     171.17037
 GAMMA(X,X,Z,Z) =      79.45773
 GAMMA(Y,Y,X,X) =     172.28486
 GAMMA(Y,Y,Z,Z) =      95.81644
 GAMMA(Z,Z,X,X) =      79.33961
 GAMMA(Z,Z,Y,Y) =      94.47450


 AVERAGE GAMMA VALUE AT    0.25000 =     135.34017




 **********************************************************************
 CALCULATION FOR A FREQUENCY OF    0.50000 EV  =       0.01837 A.U. 
                  WAVELENGTH OF    2479.68 NM  =    4032.77050 CM(-1)
 **********************************************************************

 +++++ ALPHA AT       0.50000 EV.

 CONVERGED IN  11 ITERATIONS IN      0.13 SECONDS
           DENSITY CONVERG. TO  8.73662D-04
             ALPHA CONVERG. TO  5.89236D-04

      ALPHA(X,X) =  1.8751929D+01
      ALPHA(Y,X) =  1.9925084D-10
      ALPHA(Z,X) = -4.8934555D-10

 CONVERGED IN  12 ITERATIONS IN      0.15 SECONDS
           DENSITY CONVERG. TO  6.78563D-04
             ALPHA CONVERG. TO  1.18625D-03

      ALPHA(Y,Y) =  9.8306287D+00
      ALPHA(X,Y) =  1.9926460D-10
      ALPHA(Z,Y) = -1.0797760D-08

 CONVERGED IN   9 ITERATIONS IN      0.11 SECONDS
           DENSITY CONVERG. TO  8.67690D-04
             ALPHA CONVERG. TO  5.04526D-04

      ALPHA(Z,Z) =  2.3495508D+00
      ALPHA(X,Z) = -4.8930370D-10
      ALPHA(Y,Z) = -1.0799934D-08

  ISOTROPIC AVERAGE ALPHA =      10.31070 A.U.

 +++++ BETA (SECOND HARMONIC GENERATION) AT       0.50000 EV.


 CONVERGED IN  16 ITERATIONS IN      0.75 SECONDS
 MAXIMUM UAB ELEMENT =        6.89407,  MAXIMUM DIFFERENCE =        0.00068

      BETA(X,X,X) =        37.58620
      BETA(Y,X,X) =         0.00000
      BETA(Z,X,X) =         0.00000

 CONVERGED IN  15 ITERATIONS IN      0.71 SECONDS
 MAXIMUM UAB ELEMENT =       12.53908,  MAXIMUM DIFFERENCE =        0.00090

      BETA(X,X,Y) =         0.00000
      BETA(Y,X,Y) =        40.52671
      BETA(Z,X,Y) =         0.00000

 CONVERGED IN  14 ITERATIONS IN      0.67 SECONDS
 MAXIMUM UAB ELEMENT =        4.52869,  MAXIMUM DIFFERENCE =        0.00054

      BETA(X,X,Z) =         0.00000
      BETA(Y,X,Z) =         0.00000
      BETA(Z,X,Z) =         5.88487

 CONVERGED IN  18 ITERATIONS IN      0.88 SECONDS
 MAXIMUM UAB ELEMENT =       16.29772,  MAXIMUM DIFFERENCE =        0.00074

      BETA(X,Y,Y) =        40.38414
      BETA(Y,Y,Y) =         0.00000
      BETA(Z,Y,Y) =         0.00000

 CONVERGED IN  37 ITERATIONS IN      1.71 SECONDS
 MAXIMUM UAB ELEMENT =        6.91763,  MAXIMUM DIFFERENCE =        0.00091

      BETA(X,Y,Z) =         0.00000
      BETA(Y,Y,Z) =         0.00000
      BETA(Z,Y,Z) =         0.00000

 CONVERGED IN  11 ITERATIONS IN      0.55 SECONDS
 MAXIMUM UAB ELEMENT =        0.67840,  MAXIMUM DIFFERENCE =        0.00090

      BETA(X,Z,Z) =         5.85568
      BETA(Y,Z,Z) =         0.00000
      BETA(Z,Z,Z) =         0.00000


 AVERAGE BETAX(SHG) VALUE AT   0.50000 EV =    50.36431
 AVERAGE BETAY(SHG) VALUE AT   0.50000 EV =     0.00000
 AVERAGE BETAZ(SHG) VALUE AT   0.50000 EV =     0.00000


 AVERAGE BETA (SHG) VALUE AT   0.50000 EV =    50.36431



 +++++ ALPHA AT       1.50000 EV.

 CONVERGED IN  13 ITERATIONS IN      0.17 SECONDS
           DENSITY CONVERG. TO  7.43870D-04
             ALPHA CONVERG. TO  5.34468D-04

      ALPHA(X,X) =  1.9153587D+01
      ALPHA(Y,X) =  2.0416113D-10
      ALPHA(Z,X) = -5.0073494D-10

 CONVERGED IN  14 ITERATIONS IN      0.17 SECONDS
           DENSITY CONVERG. TO  6.73578D-04
             ALPHA CONVERG. TO  8.39619D-04

      ALPHA(Y,Y) =  1.0129345D+01
      ALPHA(X,Y) =  2.0417801D-10
      ALPHA(Z,Y) = -1.1054686D-08

 CONVERGED IN  10 ITERATIONS IN      0.14 SECONDS
           DENSITY CONVERG. TO  7.59157D-04
             ALPHA CONVERG. TO  3.32814D-04

      ALPHA(Z,Z) =  2.3712611D+00
      ALPHA(X,Z) = -5.0064898D-10
      ALPHA(Y,Z) = -1.1053966D-08

  ISOTROPIC AVERAGE ALPHA =      10.55140 A.U.


 GAMMA (THIRD HARMONIC GENERATION) AT    0.50000 EV.


 GAMMA(X,X,X,X) =    -272.31877
 GAMMA(Y,Y,Y,Y) =     279.50799
 GAMMA(Z,Z,Z,Z) =      -5.51310
 GAMMA(X,X,Y,Y) =     179.98516
 GAMMA(X,X,Z,Z) =      81.33992
 GAMMA(Y,Y,X,X) =     184.80112
 GAMMA(Y,Y,Z,Z) =     108.22405
 GAMMA(Z,Z,X,X) =      80.85389
 GAMMA(Z,Z,Y,Y) =     102.17581


 AVERAGE GAMMA VALUE AT    0.50000 =     147.81122





 TOTAL CPU TIME:            18.49 SECONDS

 == MOPAC DONE ==
